<?xml version="1.0" encoding="UTF-8"?>
<testng-results ignored="0" total="4" passed="4" failed="0" skipped="0">
  <reporter-output>
  </reporter-output>
  <suite started-at="2023-01-05T13:02:38 CET" name="Suite" finished-at="2023-01-05T13:03:54 CET" duration-ms="76082">
    <groups>
      <group name="cucumber">
        <method signature="AbstractTestNGCucumberTests.runScenario(io.cucumber.testng.PickleWrapper,io.cucumber.testng.FeatureWrapper)[pri:0, instance:runners.MagentoStoreCucumberRunner@e19bb76]" name="runScenario" class="io.cucumber.testng.AbstractTestNGCucumberTests"/>
      </group> <!-- cucumber -->
    </groups>
    <test started-at="2023-01-05T13:02:38 CET" name="Test" finished-at="2023-01-05T13:03:54 CET" duration-ms="76082">
      <class name="runners.MagentoStoreCucumberRunner">
        <test-method is-config="true" signature="setUpClass(org.testng.ITestContext)[pri:0, instance:runners.MagentoStoreCucumberRunner@e19bb76]" started-at="2023-01-05T13:02:38 CET" name="setUpClass" finished-at="2023-01-05T13:02:39 CET" duration-ms="478" status="PASS">
          <params>
            <param index="0">
              <value>
                <![CDATA[org.testng.TestRunner@343727b5]]>
              </value>
            </param>
          </params>
          <reporter-output>
          </reporter-output>
        </test-method> <!-- setUpClass -->
        <test-method signature="runScenario(io.cucumber.testng.PickleWrapper,io.cucumber.testng.FeatureWrapper)[pri:0, instance:runners.MagentoStoreCucumberRunner@e19bb76]" started-at="2023-01-05T13:02:39 CET" name="runScenario" description="Runs Cucumber Scenarios" data-provider="scenarios" finished-at="2023-01-05T13:02:56 CET" duration-ms="17395" status="PASS">
          <params>
            <param index="0">
              <value>
                <![CDATA["Picking color and size of the item and adding it to the shopping cart"]]>
              </value>
            </param>
            <param index="1">
              <value>
                <![CDATA["Adding an item to the shopping cart"]]>
              </value>
            </param>
          </params>
          <reporter-output>
          </reporter-output>
        </test-method> <!-- runScenario -->
        <test-method signature="runScenario(io.cucumber.testng.PickleWrapper,io.cucumber.testng.FeatureWrapper)[pri:0, instance:runners.MagentoStoreCucumberRunner@e19bb76]" started-at="2023-01-05T13:02:56 CET" name="runScenario" description="Runs Cucumber Scenarios" data-provider="scenarios" finished-at="2023-01-05T13:03:22 CET" duration-ms="25815" status="PASS">
          <params>
            <param index="0">
              <value>
                <![CDATA["Adding two products to a comparing list and viewing the list"]]>
              </value>
            </param>
            <param index="1">
              <value>
                <![CDATA["Comparing two different products"]]>
              </value>
            </param>
          </params>
          <reporter-output>
          </reporter-output>
        </test-method> <!-- runScenario -->
        <test-method signature="runScenario(io.cucumber.testng.PickleWrapper,io.cucumber.testng.FeatureWrapper)[pri:0, instance:runners.MagentoStoreCucumberRunner@e19bb76]" started-at="2023-01-05T13:03:22 CET" name="runScenario" description="Runs Cucumber Scenarios" data-provider="scenarios" finished-at="2023-01-05T13:03:38 CET" duration-ms="16043" status="PASS">
          <params>
            <param index="0">
              <value>
                <![CDATA["Going into review section for the selected product and filling out a review"]]>
              </value>
            </param>
            <param index="1">
              <value>
                <![CDATA["Leaving a review for a product"]]>
              </value>
            </param>
          </params>
          <reporter-output>
          </reporter-output>
        </test-method> <!-- runScenario -->
        <test-method signature="runScenario(io.cucumber.testng.PickleWrapper,io.cucumber.testng.FeatureWrapper)[pri:0, instance:runners.MagentoStoreCucumberRunner@e19bb76]" started-at="2023-01-05T13:03:38 CET" name="runScenario" description="Runs Cucumber Scenarios" data-provider="scenarios" finished-at="2023-01-05T13:03:54 CET" duration-ms="16281" status="PASS">
          <params>
            <param index="0">
              <value>
                <![CDATA["User filling out required username and password and signing in"]]>
              </value>
            </param>
            <param index="1">
              <value>
                <![CDATA["User sign in"]]>
              </value>
            </param>
          </params>
          <reporter-output>
          </reporter-output>
        </test-method> <!-- runScenario -->
        <test-method is-config="true" signature="tearDownClass()[pri:0, instance:runners.MagentoStoreCucumberRunner@e19bb76]" started-at="2023-01-05T13:03:54 CET" name="tearDownClass" finished-at="2023-01-05T13:03:54 CET" duration-ms="25" status="PASS">
          <reporter-output>
          </reporter-output>
        </test-method> <!-- tearDownClass -->
      </class> <!-- runners.MagentoStoreCucumberRunner -->
    </test> <!-- Test -->
  </suite> <!-- Suite -->
</testng-results>
